2022-05-19 14:01:17,657 INFO o.a.j.u.JMeterUtils: Setting Locale to en_EN
2022-05-19 14:01:17,714 INFO o.a.j.JMeter: Loading user properties from: /usr/local/Cellar/jmeter/5.4.3/libexec/bin/user.properties
2022-05-19 14:01:17,715 INFO o.a.j.JMeter: Loading system properties from: /usr/local/Cellar/jmeter/5.4.3/libexec/bin/system.properties
2022-05-19 14:01:17,723 INFO o.a.j.JMeter: Copyright (c) 1998-2021 The Apache Software Foundation
2022-05-19 14:01:17,723 INFO o.a.j.JMeter: Version 5.4.3
2022-05-19 14:01:17,723 INFO o.a.j.JMeter: java.version=18.0.1
2022-05-19 14:01:17,723 INFO o.a.j.JMeter: java.vm.name=OpenJDK 64-Bit Server VM
2022-05-19 14:01:17,723 INFO o.a.j.JMeter: os.name=Mac OS X
2022-05-19 14:01:17,724 INFO o.a.j.JMeter: os.arch=x86_64
2022-05-19 14:01:17,724 INFO o.a.j.JMeter: os.version=12.3.1
2022-05-19 14:01:17,724 INFO o.a.j.JMeter: file.encoding=UTF-8
2022-05-19 14:01:17,724 INFO o.a.j.JMeter: java.awt.headless=null
2022-05-19 14:01:17,724 INFO o.a.j.JMeter: Max memory     =1073741824
2022-05-19 14:01:17,724 INFO o.a.j.JMeter: Available Processors =12
2022-05-19 14:01:17,735 INFO o.a.j.JMeter: Default Locale=English (EN)
2022-05-19 14:01:17,736 INFO o.a.j.JMeter: JMeter  Locale=English (EN)
2022-05-19 14:01:17,736 INFO o.a.j.JMeter: JMeterHome=/usr/local/Cellar/jmeter/5.4.3/libexec
2022-05-19 14:01:17,736 INFO o.a.j.JMeter: user.dir  =/Users/mhs/git/wip/spring-petclinic-cloud
2022-05-19 14:01:17,736 INFO o.a.j.JMeter: PWD       =/Users/mhs/git/wip/spring-petclinic-cloud
2022-05-19 14:01:17,760 INFO o.a.j.JMeter: IP: 192.168.178.47 Name: NB200824MHS FullName: nb200824mhs.fritz.box
2022-05-19 14:01:18,303 INFO o.a.j.JMeter: Setting LAF to: laf:com.apple.laf.AquaLookAndFeel
2022-05-19 14:01:19,563 INFO o.a.j.JMeter: Loaded icon properties from org/apache/jmeter/images/icon.properties
2022-05-19 14:01:20,849 INFO o.j.r.JARSourceHTTP: Requesting https://jmeter-plugins.org/repo/?installID=mac_os_x-d37fd0718d4684d3835021bca13401ae-gui
2022-05-19 14:01:22,584 INFO o.j.r.PluginManager: Plugins Status: [jpgc-casutg=2.10, jpgc-plugins-manager=1.7, jmeter-core=5.4.3, jmeter-ftp=5.4.3, jmeter-http=5.4.3, jmeter-jdbc=5.4.3, jmeter-jms=5.4.3, jmeter-junit=5.4.3, jmeter-java=5.4.3, jmeter-ldap=5.4.3, jmeter-mail=5.4.3, jmeter-mongodb=5.4.3, jmeter-native=5.4.3, jmeter-tcp=5.4.3, jmeter-components=5.4.3]
2022-05-19 14:01:50,227 INFO o.a.j.s.FileServer: Default base='/Users/mhs/git/wip/spring-petclinic-cloud'
2022-05-19 14:01:50,240 INFO o.a.j.g.a.Load: Loading file: /Users/mhs/git/wip/spring-petclinic-cloud/spring-petclinic-api-gateway/src/test/jmeter/petclinic_test_plan.jmx
2022-05-19 14:01:50,241 INFO o.a.j.s.FileServer: Set new base='/Users/mhs/git/wip/spring-petclinic-cloud/spring-petclinic-api-gateway/src/test/jmeter'
2022-05-19 14:01:50,430 INFO o.a.j.s.SaveService: Testplan (JMX) version: 2.2. Testlog (JTL) version: 2.2
2022-05-19 14:01:50,456 INFO o.a.j.s.SaveService: Using SaveService properties version 5.0
2022-05-19 14:01:50,458 INFO o.a.j.s.SaveService: Using SaveService properties file encoding UTF-8
2022-05-19 14:01:50,460 INFO o.a.j.s.SaveService: Loading file: /Users/mhs/git/wip/spring-petclinic-cloud/spring-petclinic-api-gateway/src/test/jmeter/petclinic_test_plan.jmx
2022-05-19 14:01:50,618 INFO o.a.j.p.h.s.HTTPSamplerBase: Parser for text/html is org.apache.jmeter.protocol.http.parser.LagartoBasedHtmlParser
2022-05-19 14:01:50,618 INFO o.a.j.p.h.s.HTTPSamplerBase: Parser for application/xhtml+xml is org.apache.jmeter.protocol.http.parser.LagartoBasedHtmlParser
2022-05-19 14:01:50,618 INFO o.a.j.p.h.s.HTTPSamplerBase: Parser for application/xml is org.apache.jmeter.protocol.http.parser.LagartoBasedHtmlParser
2022-05-19 14:01:50,619 INFO o.a.j.p.h.s.HTTPSamplerBase: Parser for text/xml is org.apache.jmeter.protocol.http.parser.LagartoBasedHtmlParser
2022-05-19 14:01:50,619 INFO o.a.j.p.h.s.HTTPSamplerBase: Parser for text/vnd.wap.wml is org.apache.jmeter.protocol.http.parser.RegexpHTMLParser
2022-05-19 14:01:50,619 INFO o.a.j.p.h.s.HTTPSamplerBase: Parser for text/css is org.apache.jmeter.protocol.http.parser.CssParser
2022-05-19 14:01:50,752 INFO o.a.j.e.u.CompoundVariable: Note: Function class names must contain the string: '.functions.'
2022-05-19 14:01:50,752 INFO o.a.j.e.u.CompoundVariable: Note: Function class names must not contain the string: '.gui.'
2022-05-19 14:01:50,915 INFO o.a.j.s.SampleResult: Note: Sample TimeStamps are START times
2022-05-19 14:01:50,915 INFO o.a.j.s.SampleResult: sampleresult.default.encoding is set to ISO-8859-1
2022-05-19 14:01:50,916 INFO o.a.j.s.SampleResult: sampleresult.useNanoTime=true
2022-05-19 14:01:50,916 INFO o.a.j.s.SampleResult: sampleresult.nanoThreadSleep=5000
2022-05-19 14:01:51,092 INFO o.a.j.v.ViewResultsFullVisualizer: Add JavaFX to your Java installation if you want to use renderer: org.apache.jmeter.visualizers.RenderInBrowser
2022-05-19 14:01:51,164 INFO o.a.j.s.FileServer: Set new base='/Users/mhs/git/wip/spring-petclinic-cloud/spring-petclinic-api-gateway/src/test/jmeter'
2022-05-19 14:02:16,618 INFO o.a.j.e.StandardJMeterEngine: Running the test!
2022-05-19 14:02:16,619 INFO o.a.j.s.SampleEvent: List of sample_variables: []
2022-05-19 14:02:16,619 INFO o.a.j.s.SampleEvent: List of sample_variables: []
2022-05-19 14:02:16,622 INFO o.a.j.g.u.JMeterMenuBar: setRunning(true, *local*)
2022-05-19 14:02:16,661 INFO o.a.j.e.StandardJMeterEngine: Starting ThreadGroup: 1 : jp@gc - Ultimate Thread Group
2022-05-19 14:02:16,661 INFO o.a.j.e.StandardJMeterEngine: Starting 1 threads for group jp@gc - Ultimate Thread Group.
2022-05-19 14:02:16,661 INFO o.a.j.e.StandardJMeterEngine: Thread will continue on error
2022-05-19 14:02:16,661 INFO k.a.j.t.AbstractSimpleThreadGroup: Starting thread group number 1 threads 1
2022-05-19 14:02:16,662 INFO k.a.j.t.AbstractSimpleThreadGroup: Started thread group number 1
2022-05-19 14:02:16,663 INFO o.a.j.e.StandardJMeterEngine: All thread groups have been started
2022-05-19 14:02:16,666 INFO o.a.j.t.JMeterThread: Thread started: jp@gc - Ultimate Thread Group 1-1
2022-05-19 14:02:16,914 INFO o.a.j.p.h.s.HTTPHCAbstractImpl: Local host = NB200824MHS
2022-05-19 14:02:16,920 INFO o.a.j.p.h.s.HTTPHC4Impl: HTTP request retry count = 0
2022-05-19 14:02:24,020 INFO o.a.j.u.JsseSSLManager: Using default SSL protocol: TLS
2022-05-19 14:02:24,020 INFO o.a.j.u.JsseSSLManager: SSL session context: per-thread
2022-05-19 14:07:46,358 INFO o.a.j.t.JMeterThread: Thread finished: jp@gc - Ultimate Thread Group 1-1
2022-05-19 14:07:46,359 INFO o.a.j.e.StandardJMeterEngine: Notifying test listeners of end of test
2022-05-19 14:07:46,360 INFO o.a.j.g.u.JMeterMenuBar: setRunning(false, *local*)
2022-05-19 20:58:59,000 INFO o.a.j.e.StandardJMeterEngine: Running the test!
2022-05-19 20:58:59,017 INFO o.a.j.s.SampleEvent: List of sample_variables: []
2022-05-19 20:58:59,019 INFO o.a.j.g.u.JMeterMenuBar: setRunning(true, *local*)
2022-05-19 20:58:59,064 INFO o.a.j.e.StandardJMeterEngine: Starting ThreadGroup: 1 : jp@gc - Ultimate Thread Group
2022-05-19 20:58:59,064 INFO o.a.j.e.StandardJMeterEngine: Starting 1 threads for group jp@gc - Ultimate Thread Group.
2022-05-19 20:58:59,064 INFO o.a.j.e.StandardJMeterEngine: Thread will continue on error
2022-05-19 20:58:59,064 INFO k.a.j.t.AbstractSimpleThreadGroup: Starting thread group number 1 threads 1
2022-05-19 20:58:59,066 INFO k.a.j.t.AbstractSimpleThreadGroup: Started thread group number 1
2022-05-19 20:58:59,066 INFO o.a.j.e.StandardJMeterEngine: All thread groups have been started
2022-05-19 20:58:59,066 INFO o.a.j.t.JMeterThread: Thread started: jp@gc - Ultimate Thread Group 1-1
2022-05-19 21:04:29,004 INFO o.a.j.t.JMeterThread: Thread finished: jp@gc - Ultimate Thread Group 1-1
2022-05-19 21:04:29,005 INFO o.a.j.e.StandardJMeterEngine: Notifying test listeners of end of test
2022-05-19 21:04:29,006 INFO o.a.j.g.u.JMeterMenuBar: setRunning(false, *local*)
