2022-05-20 14:52:48,063 INFO o.a.j.u.JMeterUtils: Setting Locale to en_EN
2022-05-20 14:52:48,109 INFO o.a.j.JMeter: Loading user properties from: /usr/local/Cellar/jmeter/5.4.3/libexec/bin/user.properties
2022-05-20 14:52:48,110 INFO o.a.j.JMeter: Loading system properties from: /usr/local/Cellar/jmeter/5.4.3/libexec/bin/system.properties
2022-05-20 14:52:48,118 INFO o.a.j.JMeter: Copyright (c) 1998-2021 The Apache Software Foundation
2022-05-20 14:52:48,118 INFO o.a.j.JMeter: Version 5.4.3
2022-05-20 14:52:48,118 INFO o.a.j.JMeter: java.version=18.0.1
2022-05-20 14:52:48,118 INFO o.a.j.JMeter: java.vm.name=OpenJDK 64-Bit Server VM
2022-05-20 14:52:48,118 INFO o.a.j.JMeter: os.name=Mac OS X
2022-05-20 14:52:48,118 INFO o.a.j.JMeter: os.arch=x86_64
2022-05-20 14:52:48,118 INFO o.a.j.JMeter: os.version=12.3.1
2022-05-20 14:52:48,118 INFO o.a.j.JMeter: file.encoding=UTF-8
2022-05-20 14:52:48,119 INFO o.a.j.JMeter: java.awt.headless=null
2022-05-20 14:52:48,119 INFO o.a.j.JMeter: Max memory     =1073741824
2022-05-20 14:52:48,119 INFO o.a.j.JMeter: Available Processors =12
2022-05-20 14:52:48,130 INFO o.a.j.JMeter: Default Locale=English (EN)
2022-05-20 14:52:48,130 INFO o.a.j.JMeter: JMeter  Locale=English (EN)
2022-05-20 14:52:48,130 INFO o.a.j.JMeter: JMeterHome=/usr/local/Cellar/jmeter/5.4.3/libexec
2022-05-20 14:52:48,130 INFO o.a.j.JMeter: user.dir  =/Users/mhs/git/wip/spring-petclinic-cloud/scripts
2022-05-20 14:52:48,130 INFO o.a.j.JMeter: PWD       =/Users/mhs/git/wip/spring-petclinic-cloud/scripts
2022-05-20 14:52:48,143 INFO o.a.j.JMeter: IP: 192.168.178.20 Name: NB200824MHS FullName: nb200824mhs.fritz.box
2022-05-20 14:52:48,677 INFO o.a.j.JMeter: Setting LAF to: laf:com.apple.laf.AquaLookAndFeel
2022-05-20 14:52:49,882 INFO o.a.j.JMeter: Loaded icon properties from org/apache/jmeter/images/icon.properties
2022-05-20 14:52:51,197 INFO o.j.r.JARSourceHTTP: Requesting https://jmeter-plugins.org/repo/?installID=mac_os_x-10ca899b1b7ec3d08f4e59f6547406fc-gui
2022-05-20 14:52:53,078 INFO o.j.r.PluginManager: Plugins Status: [jpgc-casutg=2.10, jpgc-plugins-manager=1.7, jmeter-core=5.4.3, jmeter-ftp=5.4.3, jmeter-http=5.4.3, jmeter-jdbc=5.4.3, jmeter-jms=5.4.3, jmeter-junit=5.4.3, jmeter-java=5.4.3, jmeter-ldap=5.4.3, jmeter-mail=5.4.3, jmeter-mongodb=5.4.3, jmeter-native=5.4.3, jmeter-tcp=5.4.3, jmeter-components=5.4.3]
2022-05-20 14:53:39,307 INFO o.a.j.s.FileServer: Default base='/Users/mhs/git/wip/spring-petclinic-cloud/scripts'
2022-05-20 14:53:39,323 INFO o.a.j.g.a.Load: Loading file: /Users/mhs/git/wip/spring-petclinic-cloud/spring-petclinic-api-gateway/src/test/jmeter/petclinic_test_plan.jmx
2022-05-20 14:53:39,323 INFO o.a.j.s.FileServer: Set new base='/Users/mhs/git/wip/spring-petclinic-cloud/spring-petclinic-api-gateway/src/test/jmeter'
2022-05-20 14:53:39,514 INFO o.a.j.s.SaveService: Testplan (JMX) version: 2.2. Testlog (JTL) version: 2.2
2022-05-20 14:53:39,524 INFO o.a.j.s.SaveService: Using SaveService properties version 5.0
2022-05-20 14:53:39,526 INFO o.a.j.s.SaveService: Using SaveService properties file encoding UTF-8
2022-05-20 14:53:39,528 INFO o.a.j.s.SaveService: Loading file: /Users/mhs/git/wip/spring-petclinic-cloud/spring-petclinic-api-gateway/src/test/jmeter/petclinic_test_plan.jmx
2022-05-20 14:53:39,693 INFO o.a.j.p.h.s.HTTPSamplerBase: Parser for text/html is org.apache.jmeter.protocol.http.parser.LagartoBasedHtmlParser
2022-05-20 14:53:39,693 INFO o.a.j.p.h.s.HTTPSamplerBase: Parser for application/xhtml+xml is org.apache.jmeter.protocol.http.parser.LagartoBasedHtmlParser
2022-05-20 14:53:39,693 INFO o.a.j.p.h.s.HTTPSamplerBase: Parser for application/xml is org.apache.jmeter.protocol.http.parser.LagartoBasedHtmlParser
2022-05-20 14:53:39,693 INFO o.a.j.p.h.s.HTTPSamplerBase: Parser for text/xml is org.apache.jmeter.protocol.http.parser.LagartoBasedHtmlParser
2022-05-20 14:53:39,693 INFO o.a.j.p.h.s.HTTPSamplerBase: Parser for text/vnd.wap.wml is org.apache.jmeter.protocol.http.parser.RegexpHTMLParser
2022-05-20 14:53:39,694 INFO o.a.j.p.h.s.HTTPSamplerBase: Parser for text/css is org.apache.jmeter.protocol.http.parser.CssParser
2022-05-20 14:53:39,845 INFO o.a.j.e.u.CompoundVariable: Note: Function class names must contain the string: '.functions.'
2022-05-20 14:53:39,845 INFO o.a.j.e.u.CompoundVariable: Note: Function class names must not contain the string: '.gui.'
2022-05-20 14:53:40,025 INFO o.a.j.s.SampleResult: Note: Sample TimeStamps are START times
2022-05-20 14:53:40,026 INFO o.a.j.s.SampleResult: sampleresult.default.encoding is set to ISO-8859-1
2022-05-20 14:53:40,026 INFO o.a.j.s.SampleResult: sampleresult.useNanoTime=true
2022-05-20 14:53:40,026 INFO o.a.j.s.SampleResult: sampleresult.nanoThreadSleep=5000
2022-05-20 14:53:40,196 INFO o.a.j.v.ViewResultsFullVisualizer: Add JavaFX to your Java installation if you want to use renderer: org.apache.jmeter.visualizers.RenderInBrowser
2022-05-20 14:53:40,282 INFO o.a.j.s.FileServer: Set new base='/Users/mhs/git/wip/spring-petclinic-cloud/spring-petclinic-api-gateway/src/test/jmeter'
2022-05-20 14:54:11,138 INFO o.a.j.e.StandardJMeterEngine: Running the test!
2022-05-20 14:54:11,139 INFO o.a.j.s.SampleEvent: List of sample_variables: []
2022-05-20 14:54:11,139 INFO o.a.j.s.SampleEvent: List of sample_variables: []
2022-05-20 14:54:11,143 INFO o.a.j.g.u.JMeterMenuBar: setRunning(true, *local*)
2022-05-20 14:54:11,183 INFO o.a.j.e.StandardJMeterEngine: Starting ThreadGroup: 1 : jp@gc - Ultimate Thread Group
2022-05-20 14:54:11,184 INFO o.a.j.e.StandardJMeterEngine: Starting 1 threads for group jp@gc - Ultimate Thread Group.
2022-05-20 14:54:11,184 INFO o.a.j.e.StandardJMeterEngine: Thread will continue on error
2022-05-20 14:54:11,184 INFO k.a.j.t.AbstractSimpleThreadGroup: Starting thread group number 1 threads 1
2022-05-20 14:54:11,185 INFO k.a.j.t.AbstractSimpleThreadGroup: Started thread group number 1
2022-05-20 14:54:11,185 INFO o.a.j.e.StandardJMeterEngine: All thread groups have been started
2022-05-20 14:54:11,188 INFO o.a.j.t.JMeterThread: Thread started: jp@gc - Ultimate Thread Group 1-1
2022-05-20 14:54:11,539 INFO o.a.j.p.h.s.HTTPHCAbstractImpl: Local host = NB200824MHS
2022-05-20 14:54:11,544 INFO o.a.j.p.h.s.HTTPHC4Impl: HTTP request retry count = 0
2022-05-20 14:54:15,214 INFO o.a.j.u.JsseSSLManager: Using default SSL protocol: TLS
2022-05-20 14:54:15,215 INFO o.a.j.u.JsseSSLManager: SSL session context: per-thread
2022-05-20 14:59:40,858 INFO o.a.j.t.JMeterThread: Thread finished: jp@gc - Ultimate Thread Group 1-1
2022-05-20 14:59:40,859 INFO o.a.j.e.StandardJMeterEngine: Notifying test listeners of end of test
2022-05-20 14:59:40,859 INFO o.a.j.g.u.JMeterMenuBar: setRunning(false, *local*)
